<?xml version="1.0" encoding="UTF-8"?>
<!-- Generated by org.testng.reporters.JUnitReportReporter -->
<testsuite hostname="Pradnya" failures="0" tests="1" name="cucumberOptions.TestNGTestRunner" time="0.145" errors="0" timestamp="2023-01-15T17:26:05 IST" skipped="0">
  <testcase classname="cucumberOptions.TestNGTestRunner" name="runScenario" time="0.145"/>
  <system-out/>
</testsuite> <!-- cucumberOptions.TestNGTestRunner -->
